# JRE version: OpenJDK Runtime Environment Temurin-21.0.10+7 (21.0.10+7) (build 21.0.10+7-LTS)
# Java VM: OpenJDK 64-Bit Server VM Temurin-21.0.10+7 (21.0.10+7-LTS, mixed mode, sharing, tiered, compressed oops, compressed class ptrs, parallel gc, windows-amd64)
GC Precious Log:
 CardTable entry size: 512
 CPUs: 4 total, 4 available
 Memory: 8067M
 Large Page Support: Disabled
 NUMA Support: Disabled
 Compressed Oops: Enabled (32-bit)
 Alignments: Space 512K, Generation 512K, Heap 2M
 Heap Min Capacity: 100M
 Heap Initial Capacity: 100M
 Heap Max Capacity: 2G
 Pre-touch: Disabled
 Parallel Workers: 4
Heap:
 PSYoungGen      total 5632K, used 649K [0x00000000d5580000, 0x00000000d5e00000, 0x0000000100000000)
  eden space 5120K, 8% used [0x00000000d5580000,0x00000000d55f2458,0x00000000d5a80000)
  from space 512K, 37% used [0x00000000d5d00000,0x00000000d5d30000,0x00000000d5d80000)
  to   space 512K, 0% used [0x00000000d5d80000,0x00000000d5d80000,0x00000000d5e00000)
 ParOldGen       total 1330688K, used 1330307K [0x0000000080000000, 0x00000000d1380000, 0x00000000d5580000)
  object space 1330688K, 99% used [0x0000000080000000,0x00000000d1320fa8,0x00000000d1380000)
 Metaspace       used 97615K, committed 99648K, reserved 1179648K
  class space    used 12370K, committed 13312K, reserved 1048576K
GC Heap History (20 events):
Event: 16067.265 GC heap before
{Heap before GC invocations=6485 (full 4):
 PSYoungGen      total 9728K, used 9262K [0x00000000d5580000, 0x00000000d6480000, 0x0000000100000000)
  eden space 5120K, 95% used [0x00000000d5580000,0x00000000d5a478e8,0x00000000d5a80000)
  from space 4608K, 94% used [0x00000000d5b00000,0x00000000d5f44000,0x00000000d5f80000)
  to   space 5120K, 0% used [0x00000000d5f80000,0x00000000d5f80000,0x00000000d6480000)
 ParOldGen       total 1322496K, used 1322259K [0x0000000080000000, 0x00000000d0b80000, 0x00000000d5580000)
  object space 1322496K, 99% used [0x0000000080000000,0x00000000d0b44fa8,0x00000000d0b80000)
 Metaspace       used 97610K, committed 99584K, reserved 1179648K
  class space    used 12369K, committed 13312K, reserved 1048576K
}
Event: 16067.294 GC heap after
{Heap after GC invocations=6485 (full 4):
 PSYoungGen      total 7680K, used 2472K [0x00000000d5580000, 0x00000000d6200000, 0x0000000100000000)
  eden space 5120K, 0% used [0x00000000d5580000,0x00000000d5580000,0x00000000d5a80000)
  from space 2560K, 96% used [0x00000000d5f80000,0x00000000d61ea000,0x00000000d6200000)
  to   space 3584K, 0% used [0x00000000d5b00000,0x00000000d5b00000,0x00000000d5e80000)
 ParOldGen       total 1326592K, used 1326107K [0x0000000080000000, 0x00000000d0f80000, 0x00000000d5580000)
  object space 1326592K, 99% used [0x0000000080000000,0x00000000d0f06fa8,0x00000000d0f80000)
 Metaspace       used 97610K, committed 99584K, reserved 1179648K
  class space    used 12369K, committed 13312K, reserved 1048576K
}
Event: 16073.023 GC heap before
{Heap before GC invocations=6486 (full 4):
 PSYoungGen      total 7680K, used 7592K [0x00000000d5580000, 0x00000000d6200000, 0x0000000100000000)
  eden space 5120K, 100% used [0x00000000d5580000,0x00000000d5a80000,0x00000000d5a80000)
  from space 2560K, 96% used [0x00000000d5f80000,0x00000000d61ea000,0x00000000d6200000)
  to   space 3584K, 0% used [0x00000000d5b00000,0x00000000d5b00000,0x00000000d5e80000)
 ParOldGen       total 1326592K, used 1326107K [0x0000000080000000, 0x00000000d0f80000, 0x00000000d5580000)
  object space 1326592K, 99% used [0x0000000080000000,0x00000000d0f06fa8,0x00000000d0f80000)
 Metaspace       used 97610K, committed 99584K, reserved 1179648K
  class space    used 12369K, committed 13312K, reserved 1048576K
}
Event: 16073.034 GC heap after
{Heap after GC invocations=6486 (full 4):
 PSYoungGen      total 6656K, used 1328K [0x00000000d5580000, 0x00000000d6000000, 0x0000000100000000)
  eden space 5120K, 0% used [0x00000000d5580000,0x00000000d5580000,0x00000000d5a80000)
  from space 1536K, 86% used [0x00000000d5b00000,0x00000000d5c4c000,0x00000000d5c80000)
  to   space 2048K, 0% used [0x00000000d5e00000,0x00000000d5e00000,0x00000000d6000000)
 ParOldGen       total 1328128K, used 1328011K [0x0000000080000000, 0x00000000d1100000, 0x00000000d5580000)
  object space 1328128K, 99% used [0x0000000080000000,0x00000000d10e2fa8,0x00000000d1100000)
 Metaspace       used 97610K, committed 99584K, reserved 1179648K
  class space    used 12369K, committed 13312K, reserved 1048576K
}
Event: 16080.139 GC heap before
{Heap before GC invocations=6487 (full 4):
 PSYoungGen      total 6656K, used 6448K [0x00000000d5580000, 0x00000000d6000000, 0x0000000100000000)
  eden space 5120K, 100% used [0x00000000d5580000,0x00000000d5a80000,0x00000000d5a80000)
  from space 1536K, 86% used [0x00000000d5b00000,0x00000000d5c4c000,0x00000000d5c80000)
  to   space 2048K, 0% used [0x00000000d5e00000,0x00000000d5e00000,0x00000000d6000000)
 ParOldGen       total 1328128K, used 1328011K [0x0000000080000000, 0x00000000d1100000, 0x00000000d5580000)
  object space 1328128K, 99% used [0x0000000080000000,0x00000000d10e2fa8,0x00000000d1100000)
 Metaspace       used 97610K, committed 99584K, reserved 1179648K
  class space    used 12369K, committed 13312K, reserved 1048576K
}
Event: 16080.154 GC heap after
{Heap after GC invocations=6487 (full 4):
 PSYoungGen      total 5632K, used 192K [0x00000000d5580000, 0x00000000d5e80000, 0x0000000100000000)
  eden space 5120K, 0% used [0x00000000d5580000,0x00000000d5580000,0x00000000d5a80000)
  from space 512K, 37% used [0x00000000d5e00000,0x00000000d5e30000,0x00000000d5e80000)
  to   space 1024K, 0% used [0x00000000d5c80000,0x00000000d5c80000,0x00000000d5d80000)
 ParOldGen       total 1329664K, used 1329275K [0x0000000080000000, 0x00000000d1280000, 0x00000000d5580000)
  object space 1329664K, 99% used [0x0000000080000000,0x00000000d121efa8,0x00000000d1280000)
 Metaspace       used 97610K, committed 99584K, reserved 1179648K
  class space    used 12369K, committed 13312K, reserved 1048576K
}
Event: 16109.821 GC heap before
{Heap before GC invocations=6488 (full 4):
 PSYoungGen      total 5632K, used 5312K [0x00000000d5580000, 0x00000000d5e80000, 0x0000000100000000)
  eden space 5120K, 100% used [0x00000000d5580000,0x00000000d5a80000,0x00000000d5a80000)
  from space 512K, 37% used [0x00000000d5e00000,0x00000000d5e30000,0x00000000d5e80000)
  to   space 1024K, 0% used [0x00000000d5c80000,0x00000000d5c80000,0x00000000d5d80000)
 ParOldGen       total 1329664K, used 1329275K [0x0000000080000000, 0x00000000d1280000, 0x00000000d5580000)
  object space 1329664K, 99% used [0x0000000080000000,0x00000000d121efa8,0x00000000d1280000)
 Metaspace       used 97610K, committed 99584K, reserved 1179648K
  class space    used 12369K, committed 13312K, reserved 1048576K
}
Event: 16109.864 GC heap after
{Heap after GC invocations=6488 (full 4):
 PSYoungGen      total 6144K, used 896K [0x00000000d5580000, 0x00000000d5e80000, 0x0000000100000000)
  eden space 5120K, 0% used [0x00000000d5580000,0x00000000d5580000,0x00000000d5a80000)
  from space 1024K, 87% used [0x00000000d5c80000,0x00000000d5d60000,0x00000000d5d80000)
  to   space 1024K, 0% used [0x00000000d5d80000,0x00000000d5d80000,0x00000000d5e80000)
 ParOldGen       total 1329664K, used 1329395K [0x0000000080000000, 0x00000000d1280000, 0x00000000d5580000)
  object space 1329664K, 99% used [0x0000000080000000,0x00000000d123cfa8,0x00000000d1280000)
 Metaspace       used 97610K, committed 99584K, reserved 1179648K
  class space    used 12369K, committed 13312K, reserved 1048576K
}
Event: 16112.705 GC heap before
{Heap before GC invocations=6489 (full 4):
 PSYoungGen      total 6144K, used 6016K [0x00000000d5580000, 0x00000000d5e80000, 0x0000000100000000)
  eden space 5120K, 100% used [0x00000000d5580000,0x00000000d5a80000,0x00000000d5a80000)
  from space 1024K, 87% used [0x00000000d5c80000,0x00000000d5d60000,0x00000000d5d80000)
  to   space 1024K, 0% used [0x00000000d5d80000,0x00000000d5d80000,0x00000000d5e80000)
 ParOldGen       total 1329664K, used 1329395K [0x0000000080000000, 0x00000000d1280000, 0x00000000d5580000)
  object space 1329664K, 99% used [0x0000000080000000,0x00000000d123cfa8,0x00000000d1280000)
 Metaspace       used 97610K, committed 99584K, reserved 1179648K
  class space    used 12369K, committed 13312K, reserved 1048576K
}
Event: 16112.745 GC heap after
{Heap after GC invocations=6489 (full 4):
 PSYoungGen      total 5632K, used 96K [0x00000000d5580000, 0x00000000d5e00000, 0x0000000100000000)
  eden space 5120K, 0% used [0x00000000d5580000,0x00000000d5580000,0x00000000d5a80000)
  from space 512K, 18% used [0x00000000d5d80000,0x00000000d5d98000,0x00000000d5e00000)
  to   space 512K, 0% used [0x00000000d5d00000,0x00000000d5d00000,0x00000000d5d80000)
 ParOldGen       total 1330688K, used 1330243K [0x0000000080000000, 0x00000000d1380000, 0x00000000d5580000)
  object space 1330688K, 99% used [0x0000000080000000,0x00000000d1310fa8,0x00000000d1380000)
 Metaspace       used 97610K, committed 99584K, reserved 1179648K
  class space    used 12369K, committed 13312K, reserved 1048576K
}
Event: 16114.103 GC heap before
{Heap before GC invocations=6490 (full 4):
 PSYoungGen      total 5632K, used 5215K [0x00000000d5580000, 0x00000000d5e00000, 0x0000000100000000)
  eden space 5120K, 99% used [0x00000000d5580000,0x00000000d5a7fff8,0x00000000d5a80000)
  from space 512K, 18% used [0x00000000d5d80000,0x00000000d5d98000,0x00000000d5e00000)
  to   space 512K, 0% used [0x00000000d5d00000,0x00000000d5d00000,0x00000000d5d80000)
 ParOldGen       total 1330688K, used 1330243K [0x0000000080000000, 0x00000000d1380000, 0x00000000d5580000)
  object space 1330688K, 99% used [0x0000000080000000,0x00000000d1310fa8,0x00000000d1380000)
 Metaspace       used 97610K, committed 99584K, reserved 1179648K
  class space    used 12369K, committed 13312K, reserved 1048576K
}
Event: 16114.146 GC heap after
{Heap after GC invocations=6490 (full 4):
 PSYoungGen      total 5632K, used 64K [0x00000000d5580000, 0x00000000d5e00000, 0x0000000100000000)
  eden space 5120K, 0% used [0x00000000d5580000,0x00000000d5580000,0x00000000d5a80000)
  from space 512K, 12% used [0x00000000d5d00000,0x00000000d5d10000,0x00000000d5d80000)
  to   space 512K, 0% used [0x00000000d5d80000,0x00000000d5d80000,0x00000000d5e00000)
 ParOldGen       total 1330688K, used 1330251K [0x0000000080000000, 0x00000000d1380000, 0x00000000d5580000)
  object space 1330688K, 99% used [0x0000000080000000,0x00000000d1312fa8,0x00000000d1380000)
 Metaspace       used 97610K, committed 99584K, reserved 1179648K
  class space    used 12369K, committed 13312K, reserved 1048576K
}
Event: 16114.317 GC heap before
{Heap before GC invocations=6491 (full 4):
 PSYoungGen      total 5632K, used 5184K [0x00000000d5580000, 0x00000000d5e00000, 0x0000000100000000)
  eden space 5120K, 100% used [0x00000000d5580000,0x00000000d5a80000,0x00000000d5a80000)
  from space 512K, 12% used [0x00000000d5d00000,0x00000000d5d10000,0x00000000d5d80000)
  to   space 512K, 0% used [0x00000000d5d80000,0x00000000d5d80000,0x00000000d5e00000)
 ParOldGen       total 1330688K, used 1330251K [0x0000000080000000, 0x00000000d1380000, 0x00000000d5580000)
  object space 1330688K, 99% used [0x0000000080000000,0x00000000d1312fa8,0x00000000d1380000)
 Metaspace       used 97610K, committed 99584K, reserved 1179648K
  class space    used 12369K, committed 13312K, reserved 1048576K
}
Event: 16114.339 GC heap after
{Heap after GC invocations=6491 (full 4):
 PSYoungGen      total 5632K, used 128K [0x00000000d5580000, 0x00000000d5e00000, 0x0000000100000000)
  eden space 5120K, 0% used [0x00000000d5580000,0x00000000d5580000,0x00000000d5a80000)
  from space 512K, 25% used [0x00000000d5d80000,0x00000000d5da0000,0x00000000d5e00000)
  to   space 512K, 0% used [0x00000000d5d00000,0x00000000d5d00000,0x00000000d5d80000)
 ParOldGen       total 1330688K, used 1330283K [0x0000000080000000, 0x00000000d1380000, 0x00000000d5580000)
  object space 1330688K, 99% used [0x0000000080000000,0x00000000d131afa8,0x00000000d1380000)
 Metaspace       used 97610K, committed 99584K, reserved 1179648K
  class space    used 12369K, committed 13312K, reserved 1048576K
}
Event: 16118.523 GC heap before
{Heap before GC invocations=6492 (full 4):
 PSYoungGen      total 5632K, used 5248K [0x00000000d5580000, 0x00000000d5e00000, 0x0000000100000000)
  eden space 5120K, 100% used [0x00000000d5580000,0x00000000d5a80000,0x00000000d5a80000)
  from space 512K, 25% used [0x00000000d5d80000,0x00000000d5da0000,0x00000000d5e00000)
  to   space 512K, 0% used [0x00000000d5d00000,0x00000000d5d00000,0x00000000d5d80000)
 ParOldGen       total 1330688K, used 1330283K [0x0000000080000000, 0x00000000d1380000, 0x00000000d5580000)
  object space 1330688K, 99% used [0x0000000080000000,0x00000000d131afa8,0x00000000d1380000)
 Metaspace       used 97610K, committed 99584K, reserved 1179648K
  class space    used 12369K, committed 13312K, reserved 1048576K
}
Event: 16118.529 GC heap after
{Heap after GC invocations=6492 (full 4):
 PSYoungGen      total 5632K, used 64K [0x00000000d5580000, 0x00000000d5e00000, 0x0000000100000000)
  eden space 5120K, 0% used [0x00000000d5580000,0x00000000d5580000,0x00000000d5a80000)
  from space 512K, 12% used [0x00000000d5d00000,0x00000000d5d10000,0x00000000d5d80000)
  to   space 512K, 0% used [0x00000000d5d80000,0x00000000d5d80000,0x00000000d5e00000)
 ParOldGen       total 1330688K, used 1330283K [0x0000000080000000, 0x00000000d1380000, 0x00000000d5580000)
  object space 1330688K, 99% used [0x0000000080000000,0x00000000d131afa8,0x00000000d1380000)
 Metaspace       used 97610K, committed 99584K, reserved 1179648K
  class space    used 12369K, committed 13312K, reserved 1048576K
}
Event: 16132.823 GC heap before
{Heap before GC invocations=6493 (full 4):
 PSYoungGen      total 5632K, used 5184K [0x00000000d5580000, 0x00000000d5e00000, 0x0000000100000000)
  eden space 5120K, 100% used [0x00000000d5580000,0x00000000d5a80000,0x00000000d5a80000)
  from space 512K, 12% used [0x00000000d5d00000,0x00000000d5d10000,0x00000000d5d80000)
  to   space 512K, 0% used [0x00000000d5d80000,0x00000000d5d80000,0x00000000d5e00000)
 ParOldGen       total 1330688K, used 1330283K [0x0000000080000000, 0x00000000d1380000, 0x00000000d5580000)
  object space 1330688K, 99% used [0x0000000080000000,0x00000000d131afa8,0x00000000d1380000)
 Metaspace       used 97610K, committed 99584K, reserved 1179648K
  class space    used 12369K, committed 13312K, reserved 1048576K
}
Event: 16132.836 GC heap after
{Heap after GC invocations=6493 (full 4):
 PSYoungGen      total 5632K, used 128K [0x00000000d5580000, 0x00000000d5e00000, 0x0000000100000000)
  eden space 5120K, 0% used [0x00000000d5580000,0x00000000d5580000,0x00000000d5a80000)
  from space 512K, 25% used [0x00000000d5d80000,0x00000000d5da0000,0x00000000d5e00000)
  to   space 512K, 0% used [0x00000000d5d00000,0x00000000d5d00000,0x00000000d5d80000)
 ParOldGen       total 1330688K, used 1330291K [0x0000000080000000, 0x00000000d1380000, 0x00000000d5580000)
  object space 1330688K, 99% used [0x0000000080000000,0x00000000d131cfa8,0x00000000d1380000)
 Metaspace       used 97610K, committed 99584K, reserved 1179648K
  class space    used 12369K, committed 13312K, reserved 1048576K
}
Event: 16148.537 GC heap before
{Heap before GC invocations=6494 (full 4):
 PSYoungGen      total 5632K, used 5248K [0x00000000d5580000, 0x00000000d5e00000, 0x0000000100000000)
  eden space 5120K, 100% used [0x00000000d5580000,0x00000000d5a80000,0x00000000d5a80000)
  from space 512K, 25% used [0x00000000d5d80000,0x00000000d5da0000,0x00000000d5e00000)
  to   space 512K, 0% used [0x00000000d5d00000,0x00000000d5d00000,0x00000000d5d80000)
 ParOldGen       total 1330688K, used 1330291K [0x0000000080000000, 0x00000000d1380000, 0x00000000d5580000)
  object space 1330688K, 99% used [0x0000000080000000,0x00000000d131cfa8,0x00000000d1380000)
 Metaspace       used 97615K, committed 99648K, reserved 1179648K
  class space    used 12370K, committed 13312K, reserved 1048576K
}
Event: 16148.549 GC heap after
{Heap after GC invocations=6494 (full 4):
 PSYoungGen      total 5632K, used 192K [0x00000000d5580000, 0x00000000d5e00000, 0x0000000100000000)
  eden space 5120K, 0% used [0x00000000d5580000,0x00000000d5580000,0x00000000d5a80000)
  from space 512K, 37% used [0x00000000d5d00000,0x00000000d5d30000,0x00000000d5d80000)
  to   space 512K, 0% used [0x00000000d5d80000,0x00000000d5d80000,0x00000000d5e00000)
 ParOldGen       total 1330688K, used 1330307K [0x0000000080000000, 0x00000000d1380000, 0x00000000d5580000)
  object space 1330688K, 99% used [0x0000000080000000,0x00000000d1320fa8,0x00000000d1380000)
 Metaspace       used 97615K, committed 99648K, reserved 1179648K
  class space    used 12370K, committed 13312K, reserved 1048576K
}

