# JRE version: OpenJDK Runtime Environment Microsoft-13877129 (17.0.19+10) (build 17.0.19+10-LTS)
# Java VM: OpenJDK 64-Bit Server VM Microsoft-13877129 (17.0.19+10-LTS, mixed mode, sharing, tiered, compressed oops, compressed class ptrs, g1 gc, windows-amd64)
GC Precious Log:
 CPUs: 4 total, 4 available
 Memory: 8067M
 Large Page Support: Disabled
 NUMA Support: Disabled
 Compressed Oops: Enabled (32-bit)
 Heap Region Size: 1M
 Heap Min Capacity: 8M
 Heap Initial Capacity: 128M
 Heap Max Capacity: 2G
 Pre-touch: Disabled
 Parallel Workers: 4
 Concurrent Workers: 1
 Concurrent Refinement Workers: 4
 Periodic GC: Disabled
Heap:
 garbage-first heap   total 124928K, used 71560K [0x0000000080000000, 0x0000000100000000)
  region size 1024K, 17 young (17408K), 6 survivors (6144K)
 Metaspace       used 67181K, committed 67904K, reserved 491520K
  class space    used 9447K, committed 9792K, reserved 425984K
GC Heap History (20 events):
Event: 40.192 GC heap before
{Heap before GC invocations=20 (full 0):
 garbage-first heap   total 86016K, used 49562K [0x0000000080000000, 0x0000000100000000)
  region size 1024K, 5 young (5120K), 3 survivors (3072K)
 Metaspace       used 53727K, committed 54400K, reserved 491520K
  class space    used 7521K, committed 7808K, reserved 425984K
}
Event: 40.197 GC heap after
{Heap after GC invocations=21 (full 0):
 garbage-first heap   total 86016K, used 49570K [0x0000000080000000, 0x0000000100000000)
  region size 1024K, 2 young (2048K), 2 survivors (2048K)
 Metaspace       used 53727K, committed 54400K, reserved 491520K
  class space    used 7521K, committed 7808K, reserved 425984K
}
Event: 41.094 GC heap before
{Heap before GC invocations=22 (full 0):
 garbage-first heap   total 94208K, used 64930K [0x0000000080000000, 0x0000000100000000)
  region size 1024K, 14 young (14336K), 2 survivors (2048K)
 Metaspace       used 54555K, committed 55232K, reserved 491520K
  class space    used 7641K, committed 7936K, reserved 425984K
}
Event: 41.102 GC heap after
{Heap after GC invocations=23 (full 0):
 garbage-first heap   total 94208K, used 53942K [0x0000000080000000, 0x0000000100000000)
  region size 1024K, 2 young (2048K), 2 survivors (2048K)
 Metaspace       used 54555K, committed 55232K, reserved 491520K
  class space    used 7641K, committed 7936K, reserved 425984K
}
Event: 41.203 GC heap before
{Heap before GC invocations=23 (full 0):
 garbage-first heap   total 94208K, used 55990K [0x0000000080000000, 0x0000000100000000)
  region size 1024K, 4 young (4096K), 2 survivors (2048K)
 Metaspace       used 54662K, committed 55360K, reserved 491520K
  class space    used 7658K, committed 8000K, reserved 425984K
}
Event: 41.207 GC heap after
{Heap after GC invocations=24 (full 0):
 garbage-first heap   total 94208K, used 53660K [0x0000000080000000, 0x0000000100000000)
  region size 1024K, 1 young (1024K), 1 survivors (1024K)
 Metaspace       used 54662K, committed 55360K, reserved 491520K
  class space    used 7658K, committed 8000K, reserved 425984K
}
Event: 41.965 GC heap before
{Heap before GC invocations=24 (full 0):
 garbage-first heap   total 94208K, used 67996K [0x0000000080000000, 0x0000000100000000)
  region size 1024K, 16 young (16384K), 1 survivors (1024K)
 Metaspace       used 56646K, committed 57280K, reserved 491520K
  class space    used 7900K, committed 8192K, reserved 425984K
}
Event: 41.968 GC heap after
{Heap after GC invocations=25 (full 0):
 garbage-first heap   total 94208K, used 54238K [0x0000000080000000, 0x0000000100000000)
  region size 1024K, 1 young (1024K), 1 survivors (1024K)
 Metaspace       used 56646K, committed 57280K, reserved 491520K
  class space    used 7900K, committed 8192K, reserved 425984K
}
Event: 42.640 GC heap before
{Heap before GC invocations=26 (full 0):
 garbage-first heap   total 97280K, used 70622K [0x0000000080000000, 0x0000000100000000)
  region size 1024K, 17 young (17408K), 1 survivors (1024K)
 Metaspace       used 57841K, committed 58560K, reserved 491520K
  class space    used 8095K, committed 8448K, reserved 425984K
}
Event: 42.647 GC heap after
{Heap after GC invocations=27 (full 0):
 garbage-first heap   total 97280K, used 54800K [0x0000000080000000, 0x0000000100000000)
  region size 1024K, 2 young (2048K), 2 survivors (2048K)
 Metaspace       used 57841K, committed 58560K, reserved 491520K
  class space    used 8095K, committed 8448K, reserved 425984K
}
Event: 42.724 GC heap before
{Heap before GC invocations=27 (full 0):
 garbage-first heap   total 97280K, used 56848K [0x0000000080000000, 0x0000000100000000)
  region size 1024K, 4 young (4096K), 2 survivors (2048K)
 Metaspace       used 57961K, committed 58624K, reserved 491520K
  class space    used 8117K, committed 8448K, reserved 425984K
}
Event: 42.729 GC heap after
{Heap after GC invocations=28 (full 0):
 garbage-first heap   total 97280K, used 54481K [0x0000000080000000, 0x0000000100000000)
  region size 1024K, 1 young (1024K), 1 survivors (1024K)
 Metaspace       used 57961K, committed 58624K, reserved 491520K
  class space    used 8117K, committed 8448K, reserved 425984K
}
Event: 43.488 GC heap before
{Heap before GC invocations=28 (full 0):
 garbage-first heap   total 97280K, used 72913K [0x0000000080000000, 0x0000000100000000)
  region size 1024K, 20 young (20480K), 1 survivors (1024K)
 Metaspace       used 59364K, committed 60096K, reserved 491520K
  class space    used 8289K, committed 8640K, reserved 425984K
}
Event: 43.492 GC heap after
{Heap after GC invocations=29 (full 0):
 garbage-first heap   total 124928K, used 55213K [0x0000000080000000, 0x0000000100000000)
  region size 1024K, 1 young (1024K), 1 survivors (1024K)
 Metaspace       used 59364K, committed 60096K, reserved 491520K
  class space    used 8289K, committed 8640K, reserved 425984K
}
Event: 44.937 GC heap before
{Heap before GC invocations=29 (full 0):
 garbage-first heap   total 124928K, used 93101K [0x0000000080000000, 0x0000000100000000)
  region size 1024K, 38 young (38912K), 1 survivors (1024K)
 Metaspace       used 62558K, committed 63232K, reserved 491520K
  class space    used 8791K, committed 9152K, reserved 425984K
}
Event: 44.946 GC heap after
{Heap after GC invocations=30 (full 0):
 garbage-first heap   total 124928K, used 56456K [0x0000000080000000, 0x0000000100000000)
  region size 1024K, 3 young (3072K), 3 survivors (3072K)
 Metaspace       used 62558K, committed 63232K, reserved 491520K
  class space    used 8791K, committed 9152K, reserved 425984K
}
Event: 46.422 GC heap before
{Heap before GC invocations=30 (full 0):
 garbage-first heap   total 124928K, used 95368K [0x0000000080000000, 0x0000000100000000)
  region size 1024K, 41 young (41984K), 3 survivors (3072K)
 Metaspace       used 64556K, committed 65216K, reserved 491520K
  class space    used 9104K, committed 9408K, reserved 425984K
}
Event: 46.430 GC heap after
{Heap after GC invocations=31 (full 0):
 garbage-first heap   total 124928K, used 57684K [0x0000000080000000, 0x0000000100000000)
  region size 1024K, 4 young (4096K), 4 survivors (4096K)
 Metaspace       used 64556K, committed 65216K, reserved 491520K
  class space    used 9104K, committed 9408K, reserved 425984K
}
Event: 48.155 GC heap before
{Heap before GC invocations=31 (full 0):
 garbage-first heap   total 124928K, used 97620K [0x0000000080000000, 0x0000000100000000)
  region size 1024K, 43 young (44032K), 4 survivors (4096K)
 Metaspace       used 66486K, committed 67200K, reserved 491520K
  class space    used 9369K, committed 9728K, reserved 425984K
}
Event: 48.167 GC heap after
{Heap after GC invocations=32 (full 0):
 garbage-first heap   total 124928K, used 61320K [0x0000000080000000, 0x0000000100000000)
  region size 1024K, 6 young (6144K), 6 survivors (6144K)
 Metaspace       used 66486K, committed 67200K, reserved 491520K
  class space    used 9369K, committed 9728K, reserved 425984K
}

